2026-03-31 00:30:50,597 - root - INFO - Status: Auto-importing workspace modules...
2026-03-31 00:31:08,096 - root - INFO - Auto-imported 87 modules successfully
2026-03-31 00:31:08,096 - root - INFO - Skipped 25 modules (expected for script files)
2026-03-31 00:31:08,097 - root - INFO - Auto-import summary: 87 imported, 25 failed, 39519 skipped, 39631 total files processed
2026-03-31 00:31:08,105 - root - INFO - Status: Loading default data from /home/me/Notebooks/CREW/Crew/data/npcs.csv...
2026-03-31 00:31:08,231 - root - INFO - Status: Loaded 63 records from /home/me/Notebooks/CREW/Crew/data/npcs.csv.
2026-03-31 00:31:08,255 - root - INFO - Status: Ready - Auto-imported 87 modules (25 failed)
2026-03-31 00:31:23,840 - root - INFO - Status: Auto-importing workspace modules...
2026-03-31 00:31:23,841 - root - INFO - Using cached auto-import results
2026-03-31 00:31:23,843 - root - INFO - Status: Loading default data from /home/me/Notebooks/CREW/Crew/data/npcs.csv...
2026-03-31 00:31:24,192 - root - INFO - Status: Loaded 63 records from /home/me/Notebooks/CREW/Crew/data/npcs.csv.
2026-03-31 00:31:24,195 - root - INFO - Status: Ready - Auto-imported 87 modules (25 failed)
2026-03-31 00:31:53,682 - root - INFO - Status: Auto-importing workspace modules...
2026-03-31 00:31:53,683 - root - INFO - Using cached auto-import results
2026-03-31 00:31:53,695 - root - INFO - Status: Loading default data from /home/me/Notebooks/CREW/Crew/data/npcs.csv...
2026-03-31 00:31:53,796 - root - INFO - Status: Loaded 63 records from /home/me/Notebooks/CREW/Crew/data/npcs.csv.
2026-03-31 00:31:53,807 - root - INFO - Status: Ready - Auto-imported 87 modules (25 failed)
2026-03-31 00:33:53,858 - root - INFO - Status: Auto-importing workspace modules...
2026-03-31 00:33:53,859 - root - INFO - Using cached auto-import results
2026-03-31 00:33:53,914 - root - INFO - Status: Loading default data from /home/me/Notebooks/CREW/Crew/data/npcs.csv...
2026-03-31 00:33:54,021 - root - INFO - Status: Loaded 63 records from /home/me/Notebooks/CREW/Crew/data/npcs.csv.
2026-03-31 00:33:54,042 - root - INFO - Status: Ready - Auto-imported 87 modules (25 failed)
2026-03-31 00:35:58,368 - root - INFO - Status: Auto-importing workspace modules...
2026-03-31 00:35:58,369 - root - INFO - Using cached auto-import results
2026-03-31 00:35:58,381 - root - INFO - Status: Loading default data from /home/me/Notebooks/CREW/Crew/data/npcs.csv...
2026-03-31 00:35:58,523 - root - INFO - Status: Loaded 63 records from /home/me/Notebooks/CREW/Crew/data/npcs.csv.
2026-03-31 00:35:58,576 - root - INFO - Status: Ready - Auto-imported 87 modules (25 failed)
2026-03-31 00:36:05,782 - root - INFO - Status: Auto-importing workspace modules...
2026-03-31 00:36:05,784 - root - INFO - Using cached auto-import results
2026-03-31 00:36:05,863 - root - INFO - Status: Loading default data from /home/me/Notebooks/CREW/Crew/data/npcs.csv...
2026-03-31 00:36:06,193 - root - INFO - Status: Loaded 63 records from /home/me/Notebooks/CREW/Crew/data/npcs.csv.
2026-03-31 00:36:06,200 - root - INFO - Status: Ready - Auto-imported 87 modules (25 failed)
2026-03-31 00:36:13,085 - root - INFO - Updating script menu as it is about to be displayed...
2026-03-31 00:37:59,742 - root - INFO - Status: Speech saved to: test.wav
2026-03-31 00:40:29,686 - root - INFO - Status: Auto-importing workspace modules...
2026-03-31 00:40:32,201 - root - INFO - Auto-imported 87 modules successfully
2026-03-31 00:40:32,201 - root - INFO - Skipped 25 modules (expected for script files)
2026-03-31 00:40:32,201 - root - INFO - Auto-import summary: 87 imported, 25 failed, 39519 skipped, 39631 total files processed
2026-03-31 00:40:32,206 - root - INFO - Status: Loading default data from /home/me/Notebooks/CREW/Crew/data/npcs.csv...
2026-03-31 00:40:32,317 - root - INFO - Status: Loaded 63 records from /home/me/Notebooks/CREW/Crew/data/npcs.csv.
2026-03-31 00:40:32,323 - root - INFO - Status: Ready - Auto-imported 87 modules (25 failed)
2026-03-31 00:40:45,516 - root - INFO - Updating script menu as it is about to be displayed...
2026-03-31 00:40:46,750 - root - INFO - Updating script menu as it is about to be displayed...
2026-03-31 00:40:52,657 - root - INFO - Status: Opened scripts folder: /home/me/Notebooks/CREW/Crew/scripts
2026-03-31 00:42:51,120 - root - INFO - Status: Auto-importing workspace modules...
2026-03-31 00:42:51,120 - root - INFO - Using cached auto-import results
2026-03-31 00:42:51,158 - root - INFO - Status: Loading default data from /home/me/Notebooks/CREW/Crew/data/npcs.csv...
2026-03-31 00:42:51,266 - root - INFO - Status: Loaded 63 records from /home/me/Notebooks/CREW/Crew/data/npcs.csv.
2026-03-31 00:42:51,320 - root - INFO - Status: Ready - Auto-imported 87 modules (25 failed)
2026-03-31 00:44:33,313 - root - INFO - Status: Auto-importing workspace modules...
2026-03-31 00:44:33,314 - root - INFO - Using cached auto-import results
2026-03-31 00:44:33,339 - root - INFO - Status: Loading default data from /home/me/Notebooks/CREW/Crew/data/npcs.csv...
2026-03-31 00:44:33,478 - root - INFO - Status: Loaded 63 records from /home/me/Notebooks/CREW/Crew/data/npcs.csv.
2026-03-31 00:44:33,560 - root - INFO - Status: Ready - Auto-imported 87 modules (25 failed)
2026-03-31 00:46:33,949 - root - INFO - Status: Auto-importing workspace modules...
2026-03-31 00:46:36,678 - root - INFO - Auto-imported 87 modules successfully
2026-03-31 00:46:36,678 - root - INFO - Skipped 25 modules (expected for script files)
2026-03-31 00:46:36,679 - root - INFO - Auto-import summary: 87 imported, 25 failed, 39582 skipped, 39694 total files processed
2026-03-31 00:46:36,687 - root - INFO - Status: Loading default data from /home/me/Notebooks/CREW/Crew/data/npcs.csv...
2026-03-31 00:46:36,826 - root - INFO - Status: Loaded 63 records from /home/me/Notebooks/CREW/Crew/data/npcs.csv.
2026-03-31 00:46:36,853 - root - INFO - Status: Ready - Auto-imported 87 modules (25 failed)
2026-03-31 00:46:52,997 - root - INFO - Status: Auto-importing workspace modules...
2026-03-31 00:46:52,998 - root - INFO - Using cached auto-import results
2026-03-31 00:46:53,051 - root - INFO - Status: Loading default data from /home/me/Notebooks/CREW/Crew/data/npcs.csv...
2026-03-31 00:46:53,213 - root - INFO - Status: Loaded 63 records from /home/me/Notebooks/CREW/Crew/data/npcs.csv.
2026-03-31 00:46:53,233 - root - INFO - Status: Ready - Auto-imported 87 modules (25 failed)
2026-03-31 00:49:01,542 - root - INFO - Status: Auto-importing workspace modules...
2026-03-31 00:49:01,543 - root - INFO - Using cached auto-import results
2026-03-31 00:49:01,569 - root - INFO - Status: Loading default data from /home/me/Notebooks/CREW/Crew/data/npcs.csv...
2026-03-31 00:49:01,664 - root - INFO - Status: Loaded 63 records from /home/me/Notebooks/CREW/Crew/data/npcs.csv.
2026-03-31 00:49:01,695 - root - INFO - Status: Ready - Auto-imported 87 modules (25 failed)
2026-03-31 00:49:27,874 - root - INFO - Status: Auto-importing workspace modules...
2026-03-31 00:49:27,875 - root - INFO - Using cached auto-import results
2026-03-31 00:49:27,877 - root - INFO - Status: Loading default data from /home/me/Notebooks/CREW/Crew/data/npcs.csv...
2026-03-31 00:49:28,028 - root - INFO - Status: Loaded 63 records from /home/me/Notebooks/CREW/Crew/data/npcs.csv.
2026-03-31 00:49:28,047 - root - INFO - Status: Ready - Auto-imported 87 modules (25 failed)
2026-03-31 00:55:31,264 - root - INFO - Status: Auto-importing workspace modules...
2026-03-31 00:55:33,905 - root - INFO - Auto-imported 87 modules successfully
2026-03-31 00:55:33,905 - root - INFO - Skipped 25 modules (expected for script files)
2026-03-31 00:55:33,905 - root - INFO - Auto-import summary: 87 imported, 25 failed, 39582 skipped, 39694 total files processed
2026-03-31 00:55:33,913 - root - INFO - Status: Loading default data from /home/me/Notebooks/CREW/Crew/data/npcs.csv...
2026-03-31 00:55:33,995 - root - INFO - Status: Loaded 63 records from /home/me/Notebooks/CREW/Crew/data/npcs.csv.
2026-03-31 00:55:34,023 - root - INFO - Status: Ready - Auto-imported 87 modules (25 failed)
2026-03-31 08:53:20,578 - root - INFO - Status: Auto-importing workspace modules...
2026-03-31 08:53:23,853 - root - INFO - Auto-imported 87 modules successfully
2026-03-31 08:53:23,853 - root - INFO - Skipped 25 modules (expected for script files)
2026-03-31 08:53:23,853 - root - INFO - Auto-import summary: 87 imported, 25 failed, 39582 skipped, 39694 total files processed
2026-03-31 08:53:23,860 - root - INFO - Status: Loading default data from /home/me/Notebooks/CREW/Crew/data/npcs.csv...
2026-03-31 08:53:23,968 - root - INFO - Status: Loaded 63 records from /home/me/Notebooks/CREW/Crew/data/npcs.csv.
2026-03-31 08:53:23,972 - root - INFO - Status: Ready - Auto-imported 87 modules (25 failed)
2026-03-31 10:54:37,740 - root - INFO - Status: Auto-importing workspace modules...
2026-03-31 10:54:37,741 - root - INFO - Using cached auto-import results
2026-03-31 10:54:37,743 - root - INFO - Status: Loading default data from /home/me/Notebooks/CREW/Crew/data/npcs.csv...
2026-03-31 10:54:37,882 - root - INFO - Status: Loaded 63 records from /home/me/Notebooks/CREW/Crew/data/npcs.csv.
2026-03-31 10:54:37,884 - root - INFO - Status: Ready - Auto-imported 87 modules (25 failed)
2026-03-31 10:54:47,879 - root - INFO - Starting TTS playback for all details.
2026-03-31 10:54:47,897 - root - INFO - TTS playback completed for all details.
2026-03-31 20:12:42,051 - root - INFO - Status: Auto-importing workspace modules...
2026-03-31 20:12:58,124 - root - INFO - Auto-imported 87 modules successfully
2026-03-31 20:12:58,124 - root - INFO - Skipped 25 modules (expected for script files)
2026-03-31 20:12:58,125 - root - INFO - Auto-import summary: 87 imported, 25 failed, 39582 skipped, 39694 total files processed
2026-03-31 20:12:58,154 - root - INFO - Status: Loading default data from /home/me/Notebooks/CREW/Crew/data/npcs.csv...
2026-03-31 20:12:58,268 - root - INFO - Status: Loaded 63 records from /home/me/Notebooks/CREW/Crew/data/npcs.csv.
2026-03-31 20:12:58,270 - root - INFO - Status: Ready - Auto-imported 87 modules (25 failed)
2026-04-01 18:49:24,891 - root - INFO - Status: Auto-importing workspace modules...
2026-04-01 18:49:31,289 - root - INFO - Auto-imported 89 modules successfully
2026-04-01 18:49:31,290 - root - INFO - Skipped 25 modules (expected for script files)
2026-04-01 18:49:31,290 - root - INFO - Auto-import summary: 89 imported, 25 failed, 12303 skipped, 12417 total files processed
2026-04-01 18:49:31,347 - root - INFO - Status: Loading default data from /home/me/Notebooks/CREW/Crew/data/npcs.csv...
2026-04-01 18:49:31,531 - root - INFO - Status: Loaded 63 records from /home/me/Notebooks/CREW/Crew/data/npcs.csv.
2026-04-01 18:49:31,560 - root - INFO - Status: Ready - Auto-imported 89 modules (25 failed)
