2026-03-21 13:07:49,397 - __main__ - INFO - Main application script started.
2026-03-21 13:07:49,629 - config - INFO - Configuration file not found at config.json. Using default configuration.
2026-03-21 13:07:49,629 - config - INFO - Configuration saved to config.json
2026-03-21 13:07:52,673 - root - INFO - Status: Auto-importing workspace modules...
2026-03-21 13:07:52,858 - root - INFO - Auto-imported 50 modules successfully
2026-03-21 13:07:52,858 - root - INFO - Skipped 2 modules (expected for script files)
2026-03-21 13:07:52,858 - root - INFO - Auto-import summary: 50 imported, 2 failed, 1911 skipped, 1963 total files processed
2026-03-21 13:07:52,860 - root - INFO - Status: Default data file not found.
2026-03-21 13:07:52,870 - root - INFO - Status: Ready - Auto-imported 50 modules (2 failed)
2026-03-21 13:07:58,506 - __main__ - INFO - Spacer function called - typically for separating output or logical sections.
2026-03-21 13:07:58,506 - __main__ - INFO - Main application script finished.
2026-03-21 13:18:52,824 - __main__ - INFO - Main application script started.
2026-03-21 13:18:55,270 - root - INFO - Status: Auto-importing workspace modules...
2026-03-21 13:18:57,653 - root - INFO - Auto-imported 50 modules successfully
2026-03-21 13:18:57,653 - root - INFO - Skipped 2 modules (expected for script files)
2026-03-21 13:18:57,653 - root - INFO - Auto-import summary: 50 imported, 2 failed, 1911 skipped, 1963 total files processed
2026-03-21 13:18:57,658 - root - INFO - Status: Default data file not found.
2026-03-21 13:18:57,660 - root - INFO - Status: Ready - Auto-imported 50 modules (2 failed)
2026-03-21 13:18:59,141 - __main__ - INFO - Spacer function called - typically for separating output or logical sections.
2026-03-21 13:18:59,142 - __main__ - INFO - Main application script finished.
2026-03-21 13:19:17,449 - __main__ - INFO - Main application script started.
2026-03-21 13:19:18,141 - root - INFO - Status: Auto-importing workspace modules...
2026-03-21 13:19:18,142 - root - INFO - Using cached auto-import results
2026-03-21 13:19:18,144 - root - INFO - Status: Default data file not found.
2026-03-21 13:19:18,185 - root - INFO - Status: Ready - Auto-imported 50 modules (2 failed)
2026-03-21 13:19:25,078 - __main__ - INFO - Spacer function called - typically for separating output or logical sections.
2026-03-21 13:19:25,079 - __main__ - INFO - Main application script finished.
2026-03-21 13:19:40,704 - __main__ - INFO - Main application script started.
2026-03-21 13:19:41,229 - root - INFO - Status: Auto-importing workspace modules...
2026-03-21 13:19:41,230 - root - INFO - Using cached auto-import results
2026-03-21 13:19:41,258 - root - INFO - Status: Default data file not found.
2026-03-21 13:19:41,267 - root - INFO - Status: Ready - Auto-imported 50 modules (2 failed)
2026-03-21 13:19:43,836 - __main__ - INFO - Spacer function called - typically for separating output or logical sections.
2026-03-21 13:19:43,838 - __main__ - INFO - Main application script finished.
2026-03-21 13:23:21,850 - __main__ - INFO - Main application script started.
2026-03-21 13:23:23,239 - root - INFO - Status: Auto-importing workspace modules...
2026-03-21 13:23:23,240 - root - INFO - Using cached auto-import results
2026-03-21 13:23:23,242 - root - INFO - Status: Default data file not found.
2026-03-21 13:23:23,272 - root - INFO - Status: Ready - Auto-imported 50 modules (2 failed)
2026-03-21 13:23:26,638 - __main__ - INFO - Spacer function called - typically for separating output or logical sections.
2026-03-21 13:23:26,640 - __main__ - INFO - Main application script finished.
2026-03-21 13:38:16,340 - __main__ - INFO - Main application script started.
2026-03-21 13:38:17,592 - root - INFO - Status: Auto-importing workspace modules...
2026-03-21 13:38:21,280 - root - INFO - Auto-imported 52 modules successfully
2026-03-21 13:38:21,280 - root - INFO - Auto-import summary: 52 imported, 0 failed, 1911 skipped, 1963 total files processed
2026-03-21 13:38:21,292 - root - INFO - Status: Default data file not found.
2026-03-21 13:38:21,293 - root - INFO - Status: Ready - Auto-imported 52 modules (0 failed)
2026-03-21 13:38:24,997 - __main__ - INFO - Spacer function called - typically for separating output or logical sections.
2026-03-21 13:38:24,998 - __main__ - INFO - Main application script finished.
2026-03-21 13:42:18,902 - __main__ - INFO - Main application script started.
2026-03-21 13:42:19,474 - root - INFO - Status: Auto-importing workspace modules...
2026-03-21 13:42:19,475 - root - INFO - Using cached auto-import results
2026-03-21 13:42:19,477 - root - INFO - Status: Default data file not found.
2026-03-21 13:42:19,509 - root - INFO - Status: Ready - Auto-imported 52 modules (0 failed)
2026-03-21 13:42:24,887 - __main__ - INFO - Spacer function called - typically for separating output or logical sections.
2026-03-21 13:42:24,888 - __main__ - INFO - Main application script finished.
2026-03-21 13:46:33,267 - __main__ - INFO - Main application script started.
2026-03-21 13:46:34,579 - root - INFO - Status: Auto-importing workspace modules...
2026-03-21 13:46:34,888 - root - INFO - Auto-imported 52 modules successfully
2026-03-21 13:46:34,888 - root - INFO - Auto-import summary: 52 imported, 0 failed, 1911 skipped, 1963 total files processed
2026-03-21 13:46:34,897 - root - INFO - Status: Default data file not found.
2026-03-21 13:46:34,905 - root - INFO - Status: Ready - Auto-imported 52 modules (0 failed)
2026-03-21 13:46:40,893 - __main__ - INFO - Spacer function called - typically for separating output or logical sections.
2026-03-21 13:46:40,894 - __main__ - INFO - Main application script finished.
2026-03-22 19:41:54,371 - __main__ - INFO - Main application script started.
2026-03-22 19:41:57,351 - root - INFO - Status: Auto-importing workspace modules...
2026-03-22 19:42:00,186 - root - INFO - Auto-imported 52 modules successfully
2026-03-22 19:42:00,186 - root - INFO - Auto-import summary: 52 imported, 0 failed, 2823 skipped, 2875 total files processed
2026-03-22 19:42:00,191 - root - INFO - Status: Default data file not found.
2026-03-22 19:42:00,206 - root - INFO - Status: Ready - Auto-imported 52 modules (0 failed)
2026-03-22 19:42:06,416 - __main__ - INFO - Spacer function called - typically for separating output or logical sections.
2026-03-22 19:42:06,425 - __main__ - INFO - Main application script finished.
2026-03-22 19:43:14,565 - __main__ - INFO - Main application script started.
2026-03-22 19:43:14,956 - root - INFO - Status: Auto-importing workspace modules...
2026-03-22 19:43:14,956 - root - INFO - Using cached auto-import results
2026-03-22 19:43:14,958 - root - INFO - Status: Default data file not found.
2026-03-22 19:43:15,010 - root - INFO - Status: Ready - Auto-imported 52 modules (0 failed)
2026-03-22 19:43:29,577 - __main__ - INFO - Spacer function called - typically for separating output or logical sections.
2026-03-22 19:43:29,581 - __main__ - INFO - Main application script finished.
2026-03-22 19:45:04,980 - __main__ - INFO - Main application script started.
2026-03-22 19:45:06,574 - root - INFO - Status: Auto-importing workspace modules...
2026-03-22 19:45:06,575 - root - INFO - Using cached auto-import results
2026-03-22 19:45:06,577 - root - INFO - Status: Default data file not found.
2026-03-22 19:45:06,605 - root - INFO - Status: Ready - Auto-imported 52 modules (0 failed)
2026-03-22 19:45:13,391 - __main__ - INFO - Spacer function called - typically for separating output or logical sections.
2026-03-22 19:45:13,393 - __main__ - INFO - Main application script finished.
2026-03-25 00:37:04,615 - __main__ - INFO - Main application script started.
2026-03-25 00:37:05,388 - root - INFO - Status: Auto-importing workspace modules...
2026-03-25 00:37:05,984 - root - INFO - Auto-imported 52 modules successfully
2026-03-25 00:37:05,984 - root - INFO - Auto-import summary: 52 imported, 0 failed, 7008 skipped, 7060 total files processed
2026-03-25 00:37:05,986 - root - INFO - Status: Default data file not found.
2026-03-25 00:37:06,018 - root - INFO - Status: Ready - Auto-imported 52 modules (0 failed)
2026-03-25 00:38:39,572 - __main__ - INFO - Spacer function called - typically for separating output or logical sections.
2026-03-25 00:38:39,573 - __main__ - INFO - Main application script finished.
2026-03-25 00:56:10,464 - __main__ - INFO - Main application script started.
2026-03-25 00:56:11,545 - root - INFO - Status: Auto-importing workspace modules...
2026-03-25 00:56:12,363 - root - INFO - Auto-imported 52 modules successfully
2026-03-25 00:56:12,364 - root - INFO - Auto-import summary: 52 imported, 0 failed, 10790 skipped, 10842 total files processed
2026-03-25 00:56:12,366 - root - INFO - Status: Default data file not found.
2026-03-25 00:56:12,369 - root - INFO - Status: Ready - Auto-imported 52 modules (0 failed)
2026-03-25 00:56:30,529 - __main__ - INFO - Spacer function called - typically for separating output or logical sections.
2026-03-25 00:56:30,529 - __main__ - INFO - Main application script finished.
2026-03-25 12:00:28,349 - __main__ - INFO - Main application script started.
2026-03-25 12:00:30,257 - root - INFO - Status: Auto-importing workspace modules...
2026-03-25 12:00:32,042 - root - INFO - Auto-imported 52 modules successfully
2026-03-25 12:00:32,042 - root - INFO - Auto-import summary: 52 imported, 0 failed, 10790 skipped, 10842 total files processed
2026-03-25 12:00:32,050 - root - INFO - Status: Default data file not found.
2026-03-25 12:00:32,058 - root - INFO - Status: Ready - Auto-imported 52 modules (0 failed)
2026-03-25 12:00:44,650 - __main__ - INFO - Spacer function called - typically for separating output or logical sections.
2026-03-25 12:00:44,650 - __main__ - INFO - Main application script finished.
2026-03-25 12:02:00,151 - __main__ - INFO - Main application script started.
2026-03-25 12:02:00,797 - root - INFO - Status: Auto-importing workspace modules...
2026-03-25 12:02:00,798 - root - INFO - Using cached auto-import results
2026-03-25 12:02:00,799 - root - INFO - Status: Default data file not found.
2026-03-25 12:02:00,824 - root - INFO - Status: Ready - Auto-imported 52 modules (0 failed)
2026-03-25 12:08:58,954 - __main__ - INFO - Main application script started.
2026-03-25 12:08:59,566 - root - INFO - Status: Auto-importing workspace modules...
2026-03-25 12:09:00,245 - root - INFO - Auto-imported 52 modules successfully
2026-03-25 12:09:00,245 - root - INFO - Auto-import summary: 52 imported, 0 failed, 10790 skipped, 10842 total files processed
2026-03-25 12:09:00,248 - root - INFO - Status: Default data file not found.
2026-03-25 12:09:00,250 - root - INFO - Status: Ready - Auto-imported 52 modules (0 failed)
2026-03-25 12:09:43,400 - root - INFO - Status: Opening data file: nps.csv...
2026-03-25 12:09:43,660 - root - INFO - Status: Loaded 167 records
2026-03-25 12:09:55,339 - __main__ - INFO - Spacer function called - typically for separating output or logical sections.
2026-03-25 12:09:55,340 - __main__ - INFO - Main application script finished.
2026-03-25 12:12:11,067 - __main__ - INFO - Main application script started.
2026-03-25 12:12:12,012 - root - INFO - Status: Auto-importing workspace modules...
2026-03-25 12:12:12,013 - root - INFO - Using cached auto-import results
2026-03-25 12:12:12,042 - root - INFO - Status: Default data file not found.
2026-03-25 12:12:12,058 - root - INFO - Status: Ready - Auto-imported 52 modules (0 failed)
2026-03-25 12:12:25,628 - __main__ - INFO - Spacer function called - typically for separating output or logical sections.
2026-03-25 12:12:25,629 - __main__ - INFO - Main application script finished.
2026-03-25 12:17:03,178 - __main__ - INFO - Main application script started.
2026-03-25 12:17:03,801 - root - INFO - Status: Auto-importing workspace modules...
2026-03-25 12:17:04,487 - root - INFO - Auto-imported 52 modules successfully
2026-03-25 12:17:04,487 - root - INFO - Auto-import summary: 52 imported, 0 failed, 10790 skipped, 10842 total files processed
2026-03-25 12:17:04,494 - root - INFO - Status: Loading default data from /home/me/Notebooks/CREW/Crew/data/npcs.csv...
2026-03-25 12:17:04,589 - root - INFO - Status: Loaded 63 records from /home/me/Notebooks/CREW/Crew/data/npcs.csv.
2026-03-25 12:17:04,590 - root - INFO - Status: Ready - Auto-imported 52 modules (0 failed)
2026-03-25 12:17:15,508 - __main__ - INFO - Spacer function called - typically for separating output or logical sections.
2026-03-25 12:17:15,513 - __main__ - INFO - Main application script finished.
2026-03-25 12:18:20,777 - __main__ - INFO - Main application script started.
2026-03-25 12:18:21,671 - root - INFO - Status: Auto-importing workspace modules...
2026-03-25 12:18:21,672 - root - INFO - Using cached auto-import results
2026-03-25 12:18:21,696 - root - INFO - Status: Loading default data from /home/me/Notebooks/CREW/Crew/data/npcs.csv...
2026-03-25 12:18:21,754 - root - INFO - Status: Loaded 63 records from /home/me/Notebooks/CREW/Crew/data/npcs.csv.
2026-03-25 12:18:21,760 - root - INFO - Status: Ready - Auto-imported 52 modules (0 failed)
2026-03-25 12:18:27,147 - __main__ - INFO - Spacer function called - typically for separating output or logical sections.
2026-03-25 12:18:27,148 - __main__ - INFO - Main application script finished.
2026-03-25 12:18:39,794 - __main__ - INFO - Main application script started.
2026-03-25 13:01:05,883 - __main__ - INFO - Main application script started.
2026-03-25 13:01:06,471 - root - INFO - Status: Auto-importing workspace modules...
2026-03-25 13:01:07,712 - root - INFO - Auto-imported 52 modules successfully
2026-03-25 13:01:07,713 - root - INFO - Auto-import summary: 52 imported, 0 failed, 10790 skipped, 10842 total files processed
2026-03-25 13:01:07,716 - root - INFO - Status: Loading default data from /home/me/Notebooks/CREW/Crew/data/npcs.csv...
2026-03-25 13:01:07,807 - root - INFO - Status: Loaded 63 records from /home/me/Notebooks/CREW/Crew/data/npcs.csv.
2026-03-25 13:01:07,819 - root - INFO - Status: Ready - Auto-imported 52 modules (0 failed)
2026-03-25 13:01:47,421 - root - INFO - Updating script menu as it is about to be displayed...
2026-03-25 13:01:50,270 - root - INFO - Updating script menu as it is about to be displayed...
2026-03-25 13:01:54,049 - root - INFO - Status: Running script: sample_script.py...
2026-03-25 13:01:54,049 - root - INFO - Executing script: python '/home/me/Notebooks/CREW/Crew/scripts/sample_script.py'
2026-03-25 13:01:54,287 - root - INFO - Status: Script 'sample_script.py' finished.
2026-03-25 13:02:01,070 - root - INFO - Updating script menu as it is about to be displayed...
2026-03-25 13:02:03,534 - root - INFO - Status: Running script: any_month.py...
2026-03-25 13:02:03,534 - root - INFO - Executing script: python '/home/me/Notebooks/CREW/Crew/scripts/any_month.py'
2026-03-25 13:02:03,728 - root - INFO - Status: Script 'any_month.py' finished.
2026-03-25 13:02:10,622 - root - INFO - Updating script menu as it is about to be displayed...
2026-03-25 13:02:13,262 - root - INFO - Status: Running script: fetch_docs.py...
2026-03-25 13:02:13,263 - root - INFO - Executing script: python '/home/me/Notebooks/CREW/Crew/scripts/fetch_docs.py'
2026-03-25 13:02:14,149 - root - ERROR - Status error: ❌ Script 'fetch_docs.py' failed.
2026-03-25 13:02:19,678 - root - INFO - Updating script menu as it is about to be displayed...
2026-03-25 13:02:22,036 - root - INFO - Status: Running script: __init__.py...
2026-03-25 13:02:22,037 - root - INFO - Executing script: python '/home/me/Notebooks/CREW/Crew/scripts/__init__.py'
2026-03-25 13:02:22,185 - root - INFO - Status: Script '__init__.py' finished.
2026-03-25 13:02:28,479 - root - INFO - Updating script menu as it is about to be displayed...
2026-03-25 13:02:29,711 - root - INFO - Updating script menu as it is about to be displayed...
2026-03-25 13:02:33,955 - root - INFO - Status: Running script: bmp2png.py...
2026-03-25 13:02:33,956 - root - INFO - Executing script: python '/home/me/Notebooks/CREW/Crew/scripts/bmp2png.py'
2026-03-25 13:02:34,744 - root - INFO - Status: Script 'bmp2png.py' finished.
2026-03-25 13:03:12,593 - root - INFO - Updating script menu as it is about to be displayed...
2026-03-25 13:03:17,261 - root - INFO - Status: Opened scripts folder: /home/me/Notebooks/CREW/Crew/scripts
2026-03-25 13:04:01,290 - __main__ - INFO - Spacer function called - typically for separating output or logical sections.
2026-03-25 13:04:01,292 - __main__ - INFO - Main application script finished.
2026-03-25 13:57:34,329 - __main__ - INFO - Main application script started.
2026-03-25 13:57:34,999 - root - INFO - Status: Auto-importing workspace modules...
2026-03-25 13:57:35,951 - root - INFO - Auto-imported 52 modules successfully
2026-03-25 13:57:35,951 - root - INFO - Auto-import summary: 52 imported, 0 failed, 10790 skipped, 10842 total files processed
2026-03-25 13:57:35,957 - root - INFO - Status: Loading default data from /home/me/Notebooks/CREW/Crew/data/npcs.csv...
2026-03-25 13:57:36,041 - root - INFO - Status: Loaded 63 records from /home/me/Notebooks/CREW/Crew/data/npcs.csv.
2026-03-25 13:57:36,048 - root - INFO - Status: Ready - Auto-imported 52 modules (0 failed)
2026-03-25 13:57:40,651 - __main__ - INFO - Spacer function called - typically for separating output or logical sections.
2026-03-25 13:57:40,653 - __main__ - INFO - Main application script finished.
2026-03-25 14:13:59,477 - __main__ - INFO - Main application script started.
2026-03-25 14:14:00,480 - root - INFO - Status: Auto-importing workspace modules...
2026-03-25 14:14:00,480 - root - INFO - Using cached auto-import results
2026-03-25 14:14:00,497 - root - INFO - Status: Loading default data from /home/me/Notebooks/CREW/Crew/data/npcs.csv...
2026-03-25 14:14:00,548 - root - INFO - Status: Loaded 63 records from /home/me/Notebooks/CREW/Crew/data/npcs.csv.
2026-03-25 14:14:00,556 - root - INFO - Status: Ready - Auto-imported 53 modules (0 failed)
2026-03-25 14:14:17,038 - __main__ - INFO - Spacer function called - typically for separating output or logical sections.
2026-03-25 14:14:17,040 - __main__ - INFO - Main application script finished.
2026-03-25 15:06:15,212 - __main__ - INFO - Main application script started.
2026-03-25 15:06:18,601 - root - INFO - Status: Auto-importing workspace modules...
2026-03-25 15:06:25,744 - root - INFO - Auto-imported 53 modules successfully
2026-03-25 15:06:25,744 - root - INFO - Auto-import summary: 53 imported, 0 failed, 10789 skipped, 10842 total files processed
2026-03-25 15:06:25,758 - root - INFO - Status: Loading default data from /home/me/Notebooks/CREW/Crew/data/npcs.csv...
2026-03-25 15:06:25,880 - root - INFO - Status: Loaded 63 records from /home/me/Notebooks/CREW/Crew/data/npcs.csv.
2026-03-25 15:06:25,894 - root - INFO - Status: Ready - Auto-imported 53 modules (0 failed)
2026-03-25 15:06:35,726 - __main__ - INFO - Spacer function called - typically for separating output or logical sections.
2026-03-25 15:06:35,729 - __main__ - INFO - Main application script finished.
2026-03-25 15:08:54,349 - __main__ - INFO - Main application script started.
2026-03-25 15:08:55,069 - root - INFO - Status: Auto-importing workspace modules...
2026-03-25 15:08:55,070 - root - INFO - Using cached auto-import results
2026-03-25 15:08:55,072 - root - INFO - Status: Loading default data from /home/me/Notebooks/CREW/Crew/data/npcs.csv...
2026-03-25 15:08:55,153 - root - INFO - Status: Loaded 63 records from /home/me/Notebooks/CREW/Crew/data/npcs.csv.
2026-03-25 15:08:55,171 - root - INFO - Status: Ready - Auto-imported 53 modules (0 failed)
2026-03-25 15:09:12,636 - __main__ - INFO - Spacer function called - typically for separating output or logical sections.
2026-03-25 15:09:12,637 - __main__ - INFO - Main application script finished.
2026-03-25 15:14:40,039 - __main__ - INFO - Main application script started.
2026-03-25 15:14:40,814 - root - INFO - Status: Auto-importing workspace modules...
2026-03-25 15:14:41,587 - root - INFO - Auto-imported 53 modules successfully
2026-03-25 15:14:41,587 - root - INFO - Auto-import summary: 53 imported, 0 failed, 10789 skipped, 10842 total files processed
2026-03-25 15:14:41,598 - root - INFO - Status: Loading default data from /home/me/Notebooks/CREW/Crew/data/npcs.csv...
2026-03-25 15:14:41,702 - root - INFO - Status: Loaded 63 records from /home/me/Notebooks/CREW/Crew/data/npcs.csv.
2026-03-25 15:14:41,712 - root - INFO - Status: Ready - Auto-imported 53 modules (0 failed)
2026-03-25 15:15:21,786 - __main__ - INFO - Spacer function called - typically for separating output or logical sections.
2026-03-25 15:15:21,787 - __main__ - INFO - Main application script finished.
2026-03-25 15:17:23,408 - __main__ - INFO - Main application script started.
2026-03-25 15:17:24,094 - root - INFO - Status: Auto-importing workspace modules...
2026-03-25 15:17:24,095 - root - INFO - Using cached auto-import results
2026-03-25 15:17:24,098 - root - INFO - Status: Loading default data from /home/me/Notebooks/CREW/Crew/data/npcs.csv...
2026-03-25 15:17:24,229 - root - INFO - Status: Loaded 63 records from /home/me/Notebooks/CREW/Crew/data/npcs.csv.
2026-03-25 15:17:24,230 - root - INFO - Status: Ready - Auto-imported 53 modules (0 failed)
2026-03-25 15:17:33,108 - __main__ - INFO - Spacer function called - typically for separating output or logical sections.
2026-03-25 15:17:33,110 - __main__ - INFO - Main application script finished.
